<?xml version="1.0" encoding="UTF-8"?>
<!-- Generated by org.testng.reporters.JUnitReportReporter -->
<testsuite skipped="0" hostname="ZIPLSY1822" name="com.magento.qa.testcases.HomePageTest" tests="2" failures="0" timestamp="15 Sep 2018 12:55:25 GMT" time="13.320" errors="0">
  <testcase name="loginPageTitleTest" time="5.709" classname="com.magento.qa.testcases.HomePageTest"/>
  <testcase name="goToMobilePageTest" time="7.611" classname="com.magento.qa.testcases.HomePageTest"/>
</testsuite> <!-- com.magento.qa.testcases.HomePageTest -->
