<?xml version="1.0" encoding="UTF-8"?>
<!-- Generated by org.testng.reporters.JUnitReportReporter -->
<testsuite skipped="0" hostname="QASPL-32" name="com.magento.qa.testcases.LoginPageTest" tests="1" failures="0" timestamp="19 Feb 2019 13:58:35 GMT" time="23.667" errors="0">
  <testcase name="validateLoginPageTest" time="23.667" classname="com.magento.qa.testcases.LoginPageTest"/>
</testsuite> <!-- com.magento.qa.testcases.LoginPageTest -->
