<?xml version="1.0" encoding="UTF-8"?>
<!-- Generated by org.testng.reporters.JUnitReportReporter -->
<testsuite skipped="0" hostname="ZIPLSY1822" name="com.magento.qa.testcases.MobilePageTest" tests="3" failures="0" timestamp="15 Sep 2018 12:55:25 GMT" time="23.791" errors="0">
  <testcase name="MobilePageTitleTest" time="7.117" classname="com.magento.qa.testcases.MobilePageTest"/>
  <testcase name="validateSortByNameTest" time="8.236" classname="com.magento.qa.testcases.MobilePageTest"/>
  <testcase name="goToMobileDetailSonyXperiaTest" time="8.438" classname="com.magento.qa.testcases.MobilePageTest"/>
</testsuite> <!-- com.magento.qa.testcases.MobilePageTest -->
