<?xml version="1.0" encoding="UTF-8"?>
<!-- Generated by org.testng.reporters.JUnitReportReporter -->
<testsuite hostname="Anu" failures="0" tests="3" name="com.magento.qa.testcases.MobilePageTest" time="74.230" errors="0" timestamp="15 Sep 2018 20:13:25 GMT" skipped="0">
  <testcase classname="com.magento.qa.testcases.MobilePageTest" name="MobilePageTitleTest" time="17.451"/>
  <testcase classname="com.magento.qa.testcases.MobilePageTest" name="validateSortByNameTest" time="31.861"/>
  <testcase classname="com.magento.qa.testcases.MobilePageTest" name="goToMobileDetailSonyXperiaTest" time="24.918"/>
</testsuite> <!-- com.magento.qa.testcases.MobilePageTest -->
