<?xml version="1.0" encoding="UTF-8"?>
<!-- Generated by org.testng.reporters.JUnitReportReporter -->
<testsuite hostname="Anu" failures="0" tests="3" name="com.magento.qa.testcases.MobilePageTest" time="47.330" errors="0" timestamp="18 Sep 2018 20:13:30 GMT" skipped="0">
  <testcase classname="com.magento.qa.testcases.MobilePageTest" name="MobilePageTitleTest" time="13.578"/>
  <testcase classname="com.magento.qa.testcases.MobilePageTest" name="validateSortByNameTest" time="16.961"/>
  <testcase classname="com.magento.qa.testcases.MobilePageTest" name="goToMobileDetailSonyXperiaTest" time="16.791"/>
</testsuite> <!-- com.magento.qa.testcases.MobilePageTest -->
