<?xml version="1.0" encoding="UTF-8"?>
<!-- Generated by org.testng.reporters.JUnitReportReporter -->
<testsuite hostname="Anu" failures="0" tests="2" name="com.magento.qa.testcases.MobileDetailPageTest" time="32.180" errors="0" timestamp="18 Sep 2018 20:21:33 GMT" skipped="0">
  <testcase classname="com.magento.qa.testcases.MobileDetailPageTest" name="validateMobileDetailTest" time="16.772"/>
  <testcase classname="com.magento.qa.testcases.MobileDetailPageTest" name="validateItemPriceTest" time="15.408"/>
</testsuite> <!-- com.magento.qa.testcases.MobileDetailPageTest -->
