<?xml version="1.0" encoding="UTF-8"?>
<!-- Generated by org.testng.reporters.JUnitReportReporter -->
<testsuite skipped="0" hostname="ZIPLSY1822" name="com.magento.qa.testcases.HomePageTest" tests="2" failures="0" timestamp="12 Sep 2018 07:47:49 GMT" time="20.194" errors="0">
  <testcase name="loginPageTitleTest" time="10.184" classname="com.magento.qa.testcases.HomePageTest"/>
  <testcase name="goToMobilePageTest" time="10.010" classname="com.magento.qa.testcases.HomePageTest"/>
</testsuite> <!-- com.magento.qa.testcases.HomePageTest -->
