<?xml version="1.0" encoding="UTF-8"?>
<!-- Generated by org.testng.reporters.JUnitReportReporter -->
<testsuite skipped="0" hostname="ZIPLSY1822" name="com.magento.qa.testcases.ProductComparePageTest" tests="2" failures="0" timestamp="20 Sep 2018 08:04:30 GMT" time="29.701" errors="0">
  <testcase name="verifyCompareProductsTest" time="14.017" classname="com.magento.qa.testcases.ProductComparePageTest"/>
  <testcase name="verifyCloseBtnTest" time="15.684" classname="com.magento.qa.testcases.ProductComparePageTest"/>
</testsuite> <!-- com.magento.qa.testcases.ProductComparePageTest -->
