<?xml version="1.0" encoding="UTF-8"?>
<!-- Generated by org.testng.reporters.JUnitReportReporter -->
<testsuite skipped="0" hostname="ZIPLSY1822" name="com.magento.qa.testcases.MobileDetailPageTest" tests="2" failures="0" timestamp="19 Sep 2018 07:50:02 GMT" time="24.410" errors="0">
  <testcase name="validateMobileDetailTest" time="13.641" classname="com.magento.qa.testcases.MobileDetailPageTest"/>
  <testcase name="validateItemPriceTest" time="10.769" classname="com.magento.qa.testcases.MobileDetailPageTest"/>
</testsuite> <!-- com.magento.qa.testcases.MobileDetailPageTest -->
