<?xml version="1.0" encoding="UTF-8"?>
<!-- Generated by org.testng.reporters.JUnitReportReporter -->
<testsuite hostname="Anu" failures="0" tests="3" name="com.magento.qa.testcases.MobilePageTest" time="58.371" errors="0" timestamp="15 Sep 2018 18:54:03 GMT" skipped="0">
  <testcase classname="com.magento.qa.testcases.MobilePageTest" name="MobilePageTitleTest" time="14.142"/>
  <testcase classname="com.magento.qa.testcases.MobilePageTest" name="validateSortByNameTest" time="20.162"/>
  <testcase classname="com.magento.qa.testcases.MobilePageTest" name="goToMobileDetailSonyXperiaTest" time="24.067"/>
</testsuite> <!-- com.magento.qa.testcases.MobilePageTest -->
