<?xml version="1.0" encoding="UTF-8"?>
<!-- Generated by org.testng.reporters.JUnitReportReporter -->
<testsuite skipped="0" hostname="ZIPLSY1822" name="com.magento.qa.testcases.HomePageTest" tests="2" failures="0" timestamp="19 Sep 2018 07:50:02 GMT" time="15.112" errors="0">
  <testcase name="homePageTitleTest" time="7.286" classname="com.magento.qa.testcases.HomePageTest"/>
  <testcase name="goToMobilePageTest" time="7.826" classname="com.magento.qa.testcases.HomePageTest"/>
</testsuite> <!-- com.magento.qa.testcases.HomePageTest -->
