<?xml version="1.0" encoding="UTF-8"?>
<!-- Generated by org.testng.reporters.JUnitReportReporter -->
<testsuite skipped="0" hostname="ZIPLSY1822" name="com.magento.qa.testcases.MobilePageTest" tests="3" failures="0" timestamp="19 Sep 2018 07:50:02 GMT" time="33.131" errors="0">
  <testcase name="MobilePageTitleTest" time="10.416" classname="com.magento.qa.testcases.MobilePageTest"/>
  <testcase name="validateSortByNameTest" time="9.392" classname="com.magento.qa.testcases.MobilePageTest"/>
  <testcase name="goToMobileDetailSonyXperiaTest" time="13.323" classname="com.magento.qa.testcases.MobilePageTest"/>
</testsuite> <!-- com.magento.qa.testcases.MobilePageTest -->
