<?xml version="1.0" encoding="UTF-8"?>
<!-- Generated by org.testng.reporters.JUnitReportReporter -->
<testsuite skipped="0" hostname="ZIPLSY1822" name="com.magento.qa.testcases.MobilePageTest" tests="3" failures="0" timestamp="13 Sep 2018 09:25:35 GMT" time="28.237" errors="0">
  <testcase name="MobilePageTitleTest" time="8.046" classname="com.magento.qa.testcases.MobilePageTest"/>
  <testcase name="validateSortByNameTest" time="8.890" classname="com.magento.qa.testcases.MobilePageTest"/>
  <testcase name="goToMobileDetailSonyXperiaTest" time="11.301" classname="com.magento.qa.testcases.MobilePageTest"/>
</testsuite> <!-- com.magento.qa.testcases.MobilePageTest -->
