<?xml version="1.0" encoding="UTF-8"?>
<!-- Generated by org.testng.reporters.JUnitReportReporter -->
<testsuite skipped="0" hostname="QASPL-32" name="com.magento.qa.testcases.HomePageTest" tests="2" failures="0" timestamp="20 Feb 2019 13:52:24 GMT" time="21.196" errors="0">
  <testcase name="homePageTitleTest" time="9.873" classname="com.magento.qa.testcases.HomePageTest"/>
  <testcase name="goToMobilePageTest" time="11.323" classname="com.magento.qa.testcases.HomePageTest"/>
</testsuite> <!-- com.magento.qa.testcases.HomePageTest -->
