<?xml version="1.0" encoding="UTF-8"?>
<!-- Generated by org.testng.reporters.JUnitReportReporter -->
<testsuite hostname="Anu" failures="0" tests="2" name="com.magento.qa.testcases.HomePageTest" time="25.729" errors="0" timestamp="18 Sep 2018 20:21:33 GMT" skipped="0">
  <testcase classname="com.magento.qa.testcases.HomePageTest" name="homePageTitleTest" time="11.611"/>
  <testcase classname="com.magento.qa.testcases.HomePageTest" name="goToMobilePageTest" time="14.118"/>
</testsuite> <!-- com.magento.qa.testcases.HomePageTest -->
