<?xml version="1.0" encoding="UTF-8"?>
<!-- Generated by org.testng.reporters.JUnitReportReporter -->
<testsuite hostname="Anu" failures="0" tests="2" name="com.magento.qa.testcases.HomePageTest" time="59.963" errors="0" timestamp="15 Sep 2018 18:54:03 GMT" skipped="0">
  <testcase classname="com.magento.qa.testcases.HomePageTest" name="loginPageTitleTest" time="40.783"/>
  <testcase classname="com.magento.qa.testcases.HomePageTest" name="goToMobilePageTest" time="19.180"/>
</testsuite> <!-- com.magento.qa.testcases.HomePageTest -->
