<?xml version="1.0" encoding="UTF-8"?>
<!-- Generated by org.testng.reporters.JUnitReportReporter -->
<testsuite skipped="0" hostname="ZIPLSY1822" name="com.magento.qa.testcases.MobileDetailPageTest" tests="2" failures="0" timestamp="15 Sep 2018 12:55:25 GMT" time="17.957" errors="0">
  <testcase name="validateMobileDetailTest" time="9.110" classname="com.magento.qa.testcases.MobileDetailPageTest"/>
  <testcase name="validateItemPriceTest" time="8.847" classname="com.magento.qa.testcases.MobileDetailPageTest"/>
</testsuite> <!-- com.magento.qa.testcases.MobileDetailPageTest -->
