<?xml version="1.0" encoding="UTF-8"?>
<!-- Generated by org.testng.reporters.JUnitReportReporter -->
<testsuite skipped="0" hostname="QASPL-32" name="com.magento.qa.testcases.HomePageTest" tests="2" failures="0" timestamp="21 Feb 2019 13:35:14 GMT" time="20.529" errors="0">
  <testcase name="homePageTitleTest" time="8.788" classname="com.magento.qa.testcases.HomePageTest"/>
  <testcase name="goToMobilePageTest" time="11.741" classname="com.magento.qa.testcases.HomePageTest"/>
</testsuite> <!-- com.magento.qa.testcases.HomePageTest -->
