<?xml version="1.0" encoding="UTF-8"?>
<!-- Generated by org.testng.reporters.JUnitReportReporter -->
<testsuite hostname="Anu" failures="0" tests="2" name="com.magento.qa.testcases.MobileDetailPageTest" time="33.140" errors="0" timestamp="18 Sep 2018 20:13:30 GMT" skipped="0">
  <testcase classname="com.magento.qa.testcases.MobileDetailPageTest" name="validateMobileDetailTest" time="16.545"/>
  <testcase classname="com.magento.qa.testcases.MobileDetailPageTest" name="validateItemPriceTest" time="16.595"/>
</testsuite> <!-- com.magento.qa.testcases.MobileDetailPageTest -->
