<?xml version="1.0" encoding="UTF-8"?>
<!-- Generated by org.testng.reporters.JUnitReportReporter -->
<testsuite hostname="Anu" failures="0" tests="2" name="com.magento.qa.testcases.MobileDetailPageTest" time="35.931" errors="0" timestamp="15 Sep 2018 20:13:25 GMT" skipped="0">
  <testcase classname="com.magento.qa.testcases.MobileDetailPageTest" name="validateMobileDetailTest" time="17.614"/>
  <testcase classname="com.magento.qa.testcases.MobileDetailPageTest" name="validateItemPriceTest" time="18.317"/>
</testsuite> <!-- com.magento.qa.testcases.MobileDetailPageTest -->
