<?xml version="1.0" encoding="UTF-8"?>
<!-- Generated by org.testng.reporters.JUnitReportReporter -->
<testsuite hostname="Anu" failures="0" tests="2" name="com.magento.qa.testcases.MobileDetailPageTest" time="69.649" errors="0" timestamp="15 Sep 2018 18:54:03 GMT" skipped="0">
  <testcase classname="com.magento.qa.testcases.MobileDetailPageTest" name="validateMobileDetailTest" time="51.991"/>
  <testcase classname="com.magento.qa.testcases.MobileDetailPageTest" name="validateItemPriceTest" time="17.658"/>
</testsuite> <!-- com.magento.qa.testcases.MobileDetailPageTest -->
