<?xml version="1.0" encoding="UTF-8"?>
<!-- Generated by org.testng.reporters.JUnitReportReporter -->
<testsuite hostname="Anu" failures="0" tests="3" name="com.magento.qa.testcases.MobilePageTest" time="43.301" errors="0" timestamp="18 Sep 2018 20:21:33 GMT" skipped="0">
  <testcase classname="com.magento.qa.testcases.MobilePageTest" name="MobilePageTitleTest" time="13.334"/>
  <testcase classname="com.magento.qa.testcases.MobilePageTest" name="validateSortByNameTest" time="13.337"/>
  <testcase classname="com.magento.qa.testcases.MobilePageTest" name="goToMobileDetailSonyXperiaTest" time="16.630"/>
</testsuite> <!-- com.magento.qa.testcases.MobilePageTest -->
