<?xml version="1.0" encoding="UTF-8"?>
<!-- Generated by org.testng.reporters.JUnitReportReporter -->
<testsuite hostname="Anu" failures="0" tests="2" name="com.magento.qa.testcases.HomePageTest" time="53.532" errors="0" timestamp="15 Sep 2018 20:13:25 GMT" skipped="0">
  <testcase classname="com.magento.qa.testcases.HomePageTest" name="homePageTitleTest" time="32.278"/>
  <testcase classname="com.magento.qa.testcases.HomePageTest" name="goToMobilePageTest" time="21.254"/>
</testsuite> <!-- com.magento.qa.testcases.HomePageTest -->
