<?xml version="1.0" encoding="UTF-8"?>
<!-- Generated by org.testng.reporters.JUnitReportReporter -->
<testsuite skipped="0" hostname="ZIPLSY1822" name="com.magento.qa.testcases.MobileDetailPageTest" tests="1" failures="0" timestamp="13 Sep 2018 09:50:35 GMT" time="10.629" errors="0">
  <testcase name="validateItemPriceTest" time="10.629" classname="com.magento.qa.testcases.MobileDetailPageTest"/>
</testsuite> <!-- com.magento.qa.testcases.MobileDetailPageTest -->
