<?xml version="1.0" encoding="UTF-8"?>
<!-- Generated by org.testng.reporters.JUnitReportReporter -->
<testsuite hostname="Anu" failures="0" tests="3" name="com.magento.qa.testcases.MobilePageTest" time="44.314" errors="0" timestamp="18 Sep 2018 20:24:36 GMT" skipped="0">
  <testcase classname="com.magento.qa.testcases.MobilePageTest" name="MobilePageTitleTest" time="14.802"/>
  <testcase classname="com.magento.qa.testcases.MobilePageTest" name="validateSortByNameTest" time="13.024"/>
  <testcase classname="com.magento.qa.testcases.MobilePageTest" name="goToMobileDetailSonyXperiaTest" time="16.488"/>
</testsuite> <!-- com.magento.qa.testcases.MobilePageTest -->
