<?xml version="1.0" encoding="UTF-8"?>
<!-- Generated by org.testng.reporters.JUnitReportReporter -->
<testsuite hostname="Anu" failures="0" tests="1" name="com.magento.qa.testcases.ShoppingCartTest" time="13.186" errors="0" timestamp="18 Sep 2018 20:24:36 GMT" skipped="0">
  <testcase classname="com.magento.qa.testcases.ShoppingCartTest" name="verifyErrorMessage" time="13.186"/>
</testsuite> <!-- com.magento.qa.testcases.ShoppingCartTest -->
