<?xml version="1.0" encoding="UTF-8"?>
<!-- Generated by org.testng.reporters.JUnitReportReporter -->
<testsuite skipped="0" hostname="ZIPLSY1822" name="com.magento.qa.testcases.MobileDetailPageTest" tests="1" failures="0" timestamp="25 Sep 2018 10:34:11 GMT" time="11.739" errors="0">
  <testcase name="validateMobileDetailTest" time="11.739" classname="com.magento.qa.testcases.MobileDetailPageTest"/>
</testsuite> <!-- com.magento.qa.testcases.MobileDetailPageTest -->
