<?xml version="1.0" encoding="UTF-8"?>
<!-- Generated by org.testng.reporters.JUnitReportReporter -->
<testsuite hostname="Anu" failures="0" tests="2" name="com.magento.qa.testcases.HomePageTest" time="23.137" errors="0" timestamp="18 Sep 2018 20:24:36 GMT" skipped="0">
  <testcase classname="com.magento.qa.testcases.HomePageTest" name="homePageTitleTest" time="10.036"/>
  <testcase classname="com.magento.qa.testcases.HomePageTest" name="goToMobilePageTest" time="13.101"/>
</testsuite> <!-- com.magento.qa.testcases.HomePageTest -->
